Added Component: Designator=H1(Hall_Sensor)
Added Component: Designator=H2(Hall_Sensor)
Added Component: Designator=H3(Hall_Sensor)
Added Component: Designator=P1(PAD)
Added Component: Designator=P2(PAD)
Added Component: Designator=P3(PAD)
Added Pin To Net: NetName=+5 Pin=H1-1
Added Pin To Net: NetName=+5 Pin=H2-1
Added Pin To Net: NetName=+5 Pin=H3-1
Added Net: Name=+5
Added Pin To Net: NetName=GND Pin=H1-2
Added Pin To Net: NetName=GND Pin=H2-2
Added Pin To Net: NetName=GND Pin=H3-2
Added Net: Name=GND
Added Pin To Net: NetName=NetH1_3 Pin=H1-3
Added Net: Name=NetH1_3
Added Pin To Net: NetName=NetH2_3 Pin=H2-3
Added Net: Name=NetH2_3
Added Pin To Net: NetName=NetH3_3 Pin=H3-3
Added Net: Name=NetH3_3
Added Class: Name=PlacaHalls
