Added Component: Designator=GPS?(Adafruit GPS breakout)
Added Component: Designator=U1(Bno055_Adafruit)
Added Component: Designator=U?(Stm32 BluePill)
Added Pin To Net: NetName=5V Pin=GPS?-8
Added Pin To Net: NetName=5V Pin=U?-18
Added Net: Name=5V
Added Pin To Net: NetName=GND Pin=GPS?-7
Added Pin To Net: NetName=GND Pin=U1-3
Added Pin To Net: NetName=GND Pin=U?-40
Added Net: Name=GND
Added Pin To Net: NetName=NetGPS?_5 Pin=GPS?-5
Added Pin To Net: NetName=NetGPS?_5 Pin=U?-28
Added Net: Name=NetGPS?_5
Added Pin To Net: NetName=NetGPS?_6 Pin=GPS?-6
Added Pin To Net: NetName=NetGPS?_6 Pin=U?-27
Added Net: Name=NetGPS?_6
Added Pin To Net: NetName=NetU1_4 Pin=U1-4
Added Pin To Net: NetName=NetU1_4 Pin=U?-15
Added Net: Name=NetU1_4
Added Pin To Net: NetName=NetU1_5 Pin=U1-5
Added Pin To Net: NetName=NetU1_5 Pin=U?-14
Added Net: Name=NetU1_5
Added Pin To Net: NetName=NetU1_6 Pin=U1-6
Added Pin To Net: NetName=NetU1_6 Pin=U?-6
Added Net: Name=NetU1_6
Added Pin To Net: NetName=NetU1_9 Pin=U1-9
Added Pin To Net: NetName=NetU1_9 Pin=U?-7
Added Net: Name=NetU1_9
